Load 1075062 data from split(s) train,valid.
Start to load Faster-RCNN detected objects from data/vg_gqa_imgfeat/vg_gqa_obj36.tsv
Loaded 512 images in file data/vg_gqa_imgfeat/vg_gqa_obj36.tsv in 2 seconds.
Use 4310 data in torch dataset

Load 12578 data from split(s) testdev.
Start to load Faster-RCNN detected objects from data/vg_gqa_imgfeat/gqa_testdev_obj36.tsv
Loaded 398 images in file data/vg_gqa_imgfeat/gqa_testdev_obj36.tsv in 1 seconds.
Use 12578 data in torch dataset

LXRT encoder with 9 l_layers, 5 x_layers, and 5 r_layers.
Load QA pre-trained LXMERT from snap/pretrained/model 
Loaded 1736 answers from LXRTQA pre-training and 106 not

Total Iters: 536
Splits in Train data: ['train', 'valid']
Splits in Valid data: ['testdev']
Valid Oracle: 99.98

Epoch 0: Train 39.67
Epoch 0: Valid 51.10
Epoch 0: Best 51.10

Epoch 1: Train 79.80
Epoch 1: Valid 53.59
Epoch 1: Best 53.59

Epoch 2: Train 89.79
Epoch 2: Valid 53.94
Epoch 2: Best 53.94

Epoch 3: Train 92.96
Epoch 3: Valid 54.02
Epoch 3: Best 54.02
